Arguments: 
  C:\Program Files\nodejs\node.exe C:\Users\AS\AppData\Roaming\npm\node_modules\yarn\bin\yarn.js install

PATH: 
  C:\WINDOWS\system32;C:\WINDOWS;C:\WINDOWS\System32\Wbem;C:\WINDOWS\System32\WindowsPowerShell\v1.0\;C:\WINDOWS\System32\OpenSSH\;C:\Program Files\Git\cmd;C:\Program Files\PuTTY\;C:\Users\AS\AppData\Roaming\nvm;C:\Program Files\nodejs;C:\Program Files\nodejs\;C:\Users\AS\AppData\Local\Programs\Python\Python310\Scripts\;C:\Users\AS\AppData\Local\Programs\Python\Python310\;C:\Users\AS\AppData\Local\Microsoft\WindowsApps;C:\Users\AS\Downloads\protoc-3.12.4-osx-x86_64\bin;C:\Users\AS\AppData\Roaming\nvm;C:\Program Files\nodejs;C:\Program Files\heroku\bin;C:\Users\AS\AppData\Local\Programs\Microsoft VS Code\bin;C:\Users\AS\AppData\Roaming\npm

Yarn version: 
  1.22.18

Node version: 
  16.17.0

Platform: 
  win32 x64

Trace: 
  Error: https://registry.yarnpkg.com/rxjs/-/rxjs-6.6.7.tgz: ESOCKETTIMEDOUT
      at ClientRequest.<anonymous> (C:\Users\AS\AppData\Roaming\npm\node_modules\yarn\lib\cli.js:141510:19)
      at Object.onceWrapper (node:events:627:28)
      at ClientRequest.emit (node:events:513:28)
      at TLSSocket.emitRequestTimeout (node:_http_client:814:9)
      at Object.onceWrapper (node:events:627:28)
      at TLSSocket.emit (node:events:525:35)
      at TLSSocket.Socket._onTimeout (node:net:526:8)
      at listOnTimeout (node:internal/timers:559:17)
      at processTimers (node:internal/timers:502:7)

npm manifest: 
  {
    "name": "hmmm-app",
    "version": "0.0.0",
    "scripts": {
      "ng": "ng",
      "start": "ng serve",
      "build": "ng build",
      "watch": "ng build --watch --configuration development",
      "test": "ng test"
    },
    "private": true,
    "dependencies": {
      "@angular/animations": "~13.3.0",
      "@angular/common": "~13.3.0",
      "@angular/compiler": "~13.3.0",
      "@angular/core": "~13.3.0",
      "@angular/fire": "^7.4.0",
      "@angular/forms": "~13.3.0",
      "@angular/localize": "~13.3.0",
      "@angular/platform-browser": "~13.3.0",
      "@angular/platform-browser-dynamic": "~13.3.0",
      "@angular/router": "~13.3.0",
      "@firebase/auth": "^0.20.2",
      "@ionic/angular": "^6.1.8",
      "@ng-bootstrap/ng-bootstrap": "^12.1.2",
      "@popperjs/core": "^2.10.2",
      "admin-lte": "3.0",
      "bootstrap": "^5.1.3",
      "chart.js": "^2.9.3",
      "moment": "^2.29.3",
      "ng2-charts": "^2.4.2",
      "ngx-toastr": "^14.3.0",
      "rxjs": "~7.5.0",
      "tslib": "^2.3.0",
      "zone.js": "~0.11.4"
    },
    "devDependencies": {
      "@angular-devkit/build-angular": "~13.3.0",
      "@angular/cli": "~13.3.0",
      "@angular/compiler-cli": "~13.3.0",
      "@types/jasmine": "~3.10.0",
      "@types/node": "^12.11.1",
      "jasmine-core": "~4.0.0",
      "karma": "~6.3.0",
      "karma-chrome-launcher": "~3.1.0",
      "karma-coverage": "~2.1.0",
      "karma-jasmine": "~4.0.0",
      "karma-jasmine-html-reporter": "~1.7.0",
      "typescript": "~4.6.2"
    }
  }

yarn manifest: 
  No manifest

Lockfile: 
  No lockfile
